# JRE version: OpenJDK Runtime Environment Temurin-17.0.2+8 (17.0.2+8) (build 17.0.2+8)
# Java VM: OpenJDK 64-Bit Server VM Temurin-17.0.2+8 (17.0.2+8, mixed mode, tiered, compressed oops, compressed class ptrs, g1 gc, windows-amd64)
GC Precious Log:
 CPUs: 8 total, 8 available
 Memory: 3498M
 Large Page Support: Disabled
 NUMA Support: Disabled
 Compressed Oops: Enabled (32-bit)
 Heap Region Size: 1M
 Heap Min Capacity: 8M
 Heap Initial Capacity: 56M
 Heap Max Capacity: 876M
 Pre-touch: Disabled
 Parallel Workers: 8
 Concurrent Workers: 2
 Concurrent Refinement Workers: 8
 Periodic GC: Disabled
Heap:
 garbage-first heap   total 48128K, used 33782K [0x00000000c9400000, 0x0000000100000000)
  region size 1024K, 16 young (16384K), 2 survivors (2048K)
 Metaspace       used 33830K, committed 34112K, reserved 1081344K
  class space    used 3882K, committed 4032K, reserved 1048576K
GC Heap History (10 events):
Event: 1.490 GC heap before
{Heap before GC invocations=0 (full 0):
 garbage-first heap   total 57344K, used 23552K [0x00000000c9400000, 0x0000000100000000)
  region size 1024K, 23 young (23552K), 0 survivors (0K)
 Metaspace       used 13774K, committed 13888K, reserved 1064960K
  class space    used 1345K, committed 1408K, reserved 1048576K
}
Event: 1.496 GC heap after
{Heap after GC invocations=1 (full 0):
 garbage-first heap   total 57344K, used 8753K [0x00000000c9400000, 0x0000000100000000)
  region size 1024K, 3 young (3072K), 3 survivors (3072K)
 Metaspace       used 13774K, committed 13888K, reserved 1064960K
  class space    used 1345K, committed 1408K, reserved 1048576K
}
Event: 2.168 GC heap before
{Heap before GC invocations=1 (full 0):
 garbage-first heap   total 57344K, used 28209K [0x00000000c9400000, 0x0000000100000000)
  region size 1024K, 22 young (22528K), 3 survivors (3072K)
 Metaspace       used 20146K, committed 20352K, reserved 1073152K
  class space    used 2067K, committed 2176K, reserved 1048576K
}
Event: 2.175 GC heap after
{Heap after GC invocations=2 (full 0):
 garbage-first heap   total 57344K, used 11725K [0x00000000c9400000, 0x0000000100000000)
  region size 1024K, 3 young (3072K), 3 survivors (3072K)
 Metaspace       used 20146K, committed 20352K, reserved 1073152K
  class space    used 2067K, committed 2176K, reserved 1048576K
}
Event: 2.278 GC heap before
{Heap before GC invocations=2 (full 0):
 garbage-first heap   total 57344K, used 14797K [0x00000000c9400000, 0x0000000100000000)
  region size 1024K, 7 young (7168K), 3 survivors (3072K)
 Metaspace       used 21349K, committed 21504K, reserved 1073152K
  class space    used 2203K, committed 2304K, reserved 1048576K
}
Event: 2.281 GC heap after
{Heap after GC invocations=3 (full 0):
 garbage-first heap   total 57344K, used 12600K [0x00000000c9400000, 0x0000000100000000)
  region size 1024K, 1 young (1024K), 1 survivors (1024K)
 Metaspace       used 21349K, committed 21504K, reserved 1073152K
  class space    used 2203K, committed 2304K, reserved 1048576K
}
Event: 2.772 GC heap before
{Heap before GC invocations=4 (full 0):
 garbage-first heap   total 48128K, used 34104K [0x00000000c9400000, 0x0000000100000000)
  region size 1024K, 22 young (22528K), 1 survivors (1024K)
 Metaspace       used 24866K, committed 25088K, reserved 1073152K
  class space    used 2667K, committed 2752K, reserved 1048576K
}
Event: 2.776 GC heap after
{Heap after GC invocations=5 (full 0):
 garbage-first heap   total 48128K, used 14901K [0x00000000c9400000, 0x0000000100000000)
  region size 1024K, 3 young (3072K), 3 survivors (3072K)
 Metaspace       used 24866K, committed 25088K, reserved 1073152K
  class space    used 2667K, committed 2752K, reserved 1048576K
}
Event: 3.999 GC heap before
{Heap before GC invocations=5 (full 0):
 garbage-first heap   total 48128K, used 32309K [0x00000000c9400000, 0x0000000100000000)
  region size 1024K, 20 young (20480K), 3 survivors (3072K)
 Metaspace       used 30508K, committed 30720K, reserved 1081344K
  class space    used 3406K, committed 3520K, reserved 1048576K
}
Event: 4.005 GC heap after
{Heap after GC invocations=6 (full 0):
 garbage-first heap   total 48128K, used 16374K [0x00000000c9400000, 0x0000000100000000)
  region size 1024K, 2 young (2048K), 2 survivors (2048K)
 Metaspace       used 30508K, committed 30720K, reserved 1081344K
  class space    used 3406K, committed 3520K, reserved 1048576K
}

