<?xml version="1.0" encoding="UTF-8"?>
<!-- Generated by org.testng.reporters.JUnitXMLReporter -->
<testsuite ignored="0" hostname="DESKTOP-47A802P" failures="0" tests="6" name="Test1" time="40.691" errors="0" timestamp="2022-07-25T21:50:01 IST">
  <testcase classname="TestCases.LoginTest" name="LoginTest" time="2.317"/>
  <testcase classname="TestCases.LoginTest" name="BothInvalid" time="1.138"/>
  <testcase classname="TestCases.LoginTest" name="InvalidPassword" time="0.286"/>
  <testcase classname="TestCases.LoginTest" name="InvalidPassword" time="0.28"/>
  <testcase classname="TestCases.LoginTest" name="InvalidUserName" time="0.315"/>
  <testcase classname="TestCases.LoginTest" name="Emptyuserpass" time="0.268"/>
</testsuite> <!-- Test1 -->
